Using pre-set license
Built from '2020.3/release' branch; Version is '2020.3.1f1 (77a89f25062f) revision 7841951'; Using compiler version '192528614'; Build Type 'Release'
OS: 'Windows 10 Home; OS build 19041.685; Version 2004; 64bit' Language: 'en' Physical Memory: 16243 MB
BatchMode: 1, IsHumanControllingUs: 0, StartBugReporterOnCrash: 0, Is64bit: 1, IsPro: 0

 COMMAND LINE ARGUMENTS:
D:\_Coding\_Unity\2020.3.1f1\Editor\Unity.exe
-adb2
-batchMode
-noUpm
-name
AssetImportWorker0
-projectPath
D:/_Coding/_Projects/GameCourses/Jason Weimann Courses/Game Programmer Course/Platformer/Platformer
-logFile
Logs/AssetImportWorker0.log
-srvPort
63652
Successfully changed project path to: D:/_Coding/_Projects/GameCourses/Jason Weimann Courses/Game Programmer Course/Platformer/Platformer
D:/_Coding/_Projects/GameCourses/Jason Weimann Courses/Game Programmer Course/Platformer/Platformer
Using Asset Import Pipeline V2.
Refreshing native plugins compatible for Editor in 42.09 ms, found 1 plugins.
Preloading 0 native plugins for Editor in 0.00 ms.
Initialize engine version: 2020.3.1f1 (77a89f25062f)
[Subsystems] Discovering subsystems at path D:/_Coding/_Unity/2020.3.1f1/Editor/Data/Resources/UnitySubsystems
[Subsystems] Discovering subsystems at path D:/_Coding/_Projects/GameCourses/Jason Weimann Courses/Game Programmer Course/Platformer/Platformer/Assets
GfxDevice: creating device client; threaded=0
Direct3D:
    Version:  Direct3D 11.0 [level 11.1]
    Renderer: NVIDIA GeForce GTX 1060 with Max-Q Design (ID=0x1c20)
    Vendor:   
    VRAM:     6052 MB
    Driver:   27.21.14.5241
Initialize mono
Mono path[0] = 'D:/_Coding/_Unity/2020.3.1f1/Editor/Data/Managed'
Mono path[1] = 'D:/_Coding/_Unity/2020.3.1f1/Editor/Data/MonoBleedingEdge/lib/mono/unityjit'
Mono config path = 'D:/_Coding/_Unity/2020.3.1f1/Editor/Data/MonoBleedingEdge/etc'
Using monoOptions --debugger-agent=transport=dt_socket,embedding=1,server=y,suspend=n,address=127.0.0.1:56440
Begin MonoManager ReloadAssembly
Registering precompiled unity dll's ...
Register platform support module: D:/_Coding/_Unity/2020.3.1f1/Editor/Data/PlaybackEngines/WindowsStandaloneSupport/UnityEditor.WindowsStandalone.Extensions.dll
Registered in 0.001172 seconds.
Native extension for WindowsStandalone target not found
Refreshing native plugins compatible for Editor in 40.97 ms, found 1 plugins.
Preloading 0 native plugins for Editor in 0.00 ms.
Invoked RoslynAnalysisRunner static constructor.
RoslynAnalysisRunner will not be running.
RoslynAnalysisRunner has terminated.
Mono: successfully reloaded assembly
- Completed reload, in  1.120 seconds
Platform modules already initialized, skipping
Registering precompiled user dll's ...
Registered in 0.000992 seconds.
Begin MonoManager ReloadAssembly
Native extension for WindowsStandalone target not found
Refreshing native plugins compatible for Editor in 41.32 ms, found 1 plugins.
Preloading 0 native plugins for Editor in 0.00 ms.
Invoked RoslynAnalysisRunner static constructor.
RoslynAnalysisRunner will not be running.
RoslynAnalysisRunner has terminated.
Mono: successfully reloaded assembly
- Completed reload, in  0.924 seconds
Platform modules already initialized, skipping
========================================================================
Worker process is ready to serve import requests
Launched and connected shader compiler UnityShaderCompiler.exe after 0.05 seconds
Refreshing native plugins compatible for Editor in 0.76 ms, found 1 plugins.
Preloading 0 native plugins for Editor in 0.00 ms.
Unloading 2027 Unused Serialized files (Serialized files now loaded: 0)
System memory in use before: 94.2 MB.
System memory in use after: 94.3 MB.

Unloading 20 unused Assets to reduce memory usage. Loaded Objects now: 2476.
Total: 2.132300 ms (FindLiveObjects: 0.212900 ms CreateObjectMapping: 0.112200 ms MarkObjects: 1.740000 ms  DeleteObjects: 0.066100 ms)

========================================================================
Received Import Request.
  path: Assets/Prefabs/Switch.prefab
  artifactKey: Guid(270955a0ad8bdea40bde2771c4f09b32) Importer(815301076,1909f56bfc062723c751e8b465ee728b)
Start importing Assets/Prefabs/Switch.prefab using Guid(270955a0ad8bdea40bde2771c4f09b32) Importer(815301076,1909f56bfc062723c751e8b465ee728b)  -> (artifact id: '06994c0ee7a85005542bd8ef2f876032') in 0.237544 seconds
  Import took 0.240841 seconds .

========================================================================
Received Import Request.
  Time since last request: 0.000280 seconds.
  path: Assets/Prefabs/Dirt Platform.prefab
  artifactKey: Guid(e202afa71c5a2df47a93dfcd5b8af975) Importer(815301076,1909f56bfc062723c751e8b465ee728b)
Start importing Assets/Prefabs/Dirt Platform.prefab using Guid(e202afa71c5a2df47a93dfcd5b8af975) Importer(815301076,1909f56bfc062723c751e8b465ee728b)  -> (artifact id: '5aa98f1305f657adcefd8bf894f91412') in 0.007222 seconds
  Import took 0.010045 seconds .

========================================================================
Received Import Request.
  Time since last request: 0.000344 seconds.
  path: Assets/Prefabs/Springboard.prefab
  artifactKey: Guid(0b6ecdd68849e6343bdc14957c4b023e) Importer(815301076,1909f56bfc062723c751e8b465ee728b)
Start importing Assets/Prefabs/Springboard.prefab using Guid(0b6ecdd68849e6343bdc14957c4b023e) Importer(815301076,1909f56bfc062723c751e8b465ee728b)  -> (artifact id: '67130340d46e44722de5cd67d105935a') in 0.109730 seconds
  Import took 0.112689 seconds .

========================================================================
Received Import Request.
  Time since last request: 0.000315 seconds.
  path: Assets/Prefabs/Bouncy Mushroom.prefab
  artifactKey: Guid(1450063dc720bbe4fba65cd5136cf2d8) Importer(815301076,1909f56bfc062723c751e8b465ee728b)
Start importing Assets/Prefabs/Bouncy Mushroom.prefab using Guid(1450063dc720bbe4fba65cd5136cf2d8) Importer(815301076,1909f56bfc062723c751e8b465ee728b)  -> (artifact id: 'fc8e2ae221b0a1ade04d9208db2f0312') in 0.006743 seconds
  Import took 0.009974 seconds .

========================================================================
Received Import Request.
  Time since last request: 0.000301 seconds.
  path: Assets/Prefabs/Falling Platform.prefab
  artifactKey: Guid(a2605576db2345a4c87fcd266716dfa9) Importer(815301076,1909f56bfc062723c751e8b465ee728b)
Start importing Assets/Prefabs/Falling Platform.prefab using Guid(a2605576db2345a4c87fcd266716dfa9) Importer(815301076,1909f56bfc062723c751e8b465ee728b)  -> (artifact id: '189ebc3f5e237a376703900d67cb2797') in 0.007893 seconds
  Import took 0.010926 seconds .

========================================================================
Received Import Request.
  Time since last request: 0.000275 seconds.
  path: Assets/Prefabs/GreenFlag.prefab
  artifactKey: Guid(43ef05c3121c307438fa29d61d8f0132) Importer(815301076,1909f56bfc062723c751e8b465ee728b)
Start importing Assets/Prefabs/GreenFlag.prefab using Guid(43ef05c3121c307438fa29d61d8f0132) Importer(815301076,1909f56bfc062723c751e8b465ee728b)  -> (artifact id: 'c44f9709fba7a90694a5c0dce6c2fcb5') in 0.082026 seconds
  Import took 0.085187 seconds .

========================================================================
Received Import Request.
  Time since last request: 0.000276 seconds.
  path: Assets/Prefabs/Grass Platform.prefab
  artifactKey: Guid(74e10677eb613b246a778dd7deea2a5d) Importer(815301076,1909f56bfc062723c751e8b465ee728b)
Start importing Assets/Prefabs/Grass Platform.prefab using Guid(74e10677eb613b246a778dd7deea2a5d) Importer(815301076,1909f56bfc062723c751e8b465ee728b)  -> (artifact id: 'abc703218ea16a956d51a9745dacfbe8') in 0.008512 seconds
  Import took 0.011560 seconds .

========================================================================
Received Import Request.
  Time since last request: 0.000404 seconds.
  path: Assets/Prefabs/Breakable Brick.prefab
  artifactKey: Guid(2ac0c143e3371224182587126a7014a3) Importer(815301076,1909f56bfc062723c751e8b465ee728b)
Start importing Assets/Prefabs/Breakable Brick.prefab using Guid(2ac0c143e3371224182587126a7014a3) Importer(815301076,1909f56bfc062723c751e8b465ee728b)  -> (artifact id: '1e6b212cea9cfc5954e23f3c05aac52d') in 0.010140 seconds
  Import took 0.013450 seconds .

========================================================================
Received Import Request.
  Time since last request: 0.000298 seconds.
  path: Assets/Prefabs/Yellow Key.prefab
  artifactKey: Guid(b790ee6c87338b248abeb311ec4d582d) Importer(815301076,1909f56bfc062723c751e8b465ee728b)
Start importing Assets/Prefabs/Yellow Key.prefab using Guid(b790ee6c87338b248abeb311ec4d582d) Importer(815301076,1909f56bfc062723c751e8b465ee728b)  -> (artifact id: '9550b6f84081888e213559c79dd7cdab') in 0.006799 seconds
  Import took 0.010068 seconds .

========================================================================
Received Import Request.
  Time since last request: 0.000262 seconds.
  path: Assets/Prefabs/Door.prefab
  artifactKey: Guid(2e94f5f43a9cd0d4096488ea82283614) Importer(815301076,1909f56bfc062723c751e8b465ee728b)
Start importing Assets/Prefabs/Door.prefab using Guid(2e94f5f43a9cd0d4096488ea82283614) Importer(815301076,1909f56bfc062723c751e8b465ee728b)  -> (artifact id: '69f588d08bcde36af1993e82dc31dbec') in 0.060943 seconds
  Import took 0.064140 seconds .

========================================================================
Received Import Request.
  Time since last request: 0.000330 seconds.
  path: Assets/Prefabs/Fly.prefab
  artifactKey: Guid(9896a05f1a026ec4682f8be2966a0f07) Importer(815301076,1909f56bfc062723c751e8b465ee728b)
Start importing Assets/Prefabs/Fly.prefab using Guid(9896a05f1a026ec4682f8be2966a0f07) Importer(815301076,1909f56bfc062723c751e8b465ee728b)  -> (artifact id: '83e25d209098b4abf1eee2b09662300d') in 0.008519 seconds
  Import took 0.011354 seconds .

========================================================================
Received Import Request.
  Time since last request: 0.000269 seconds.
  path: Assets/Prefabs/ButtonGreen.prefab
  artifactKey: Guid(dbd6819e2aab7c74e9f4461249756286) Importer(815301076,1909f56bfc062723c751e8b465ee728b)
Start importing Assets/Prefabs/ButtonGreen.prefab using Guid(dbd6819e2aab7c74e9f4461249756286) Importer(815301076,1909f56bfc062723c751e8b465ee728b)  -> (artifact id: 'e1dd94e8f4054ac1ffaf5aa13bf898fc') in 0.011159 seconds
  Import took 0.013919 seconds .

========================================================================
Received Import Request.
  Time since last request: 0.000316 seconds.
  path: Assets/Prefabs/Slime.prefab
  artifactKey: Guid(eb6257fd1aea2a44a905304a0df4c9c2) Importer(815301076,1909f56bfc062723c751e8b465ee728b)
Start importing Assets/Prefabs/Slime.prefab using Guid(eb6257fd1aea2a44a905304a0df4c9c2) Importer(815301076,1909f56bfc062723c751e8b465ee728b)  -> (artifact id: '07b22ac51a79c998819572bfcf3a807a') in 0.008125 seconds
  Import took 0.010984 seconds .

========================================================================
Received Import Request.
  Time since last request: 0.000275 seconds.
  path: Assets/Prefabs/[INGAME CANVAS].prefab
  artifactKey: Guid(136160551cd28bd43915b5f8fb87a2e7) Importer(815301076,1909f56bfc062723c751e8b465ee728b)
Start importing Assets/Prefabs/[INGAME CANVAS].prefab using Guid(136160551cd28bd43915b5f8fb87a2e7) Importer(815301076,1909f56bfc062723c751e8b465ee728b)  -> (artifact id: '8d9ead0cb8340da3554a738c9d4e10e5') in 0.018260 seconds
  Import took 0.021213 seconds .

========================================================================
Received Import Request.
  Time since last request: 0.000335 seconds.
  path: Assets/Prefabs/Grass Ground.prefab
  artifactKey: Guid(32c10aa3b2e2cac43b812131a1c5e20f) Importer(815301076,1909f56bfc062723c751e8b465ee728b)
Start importing Assets/Prefabs/Grass Ground.prefab using Guid(32c10aa3b2e2cac43b812131a1c5e20f) Importer(815301076,1909f56bfc062723c751e8b465ee728b)  -> (artifact id: 'd4b4a220e2862bb2ba5d86c371318e39') in 0.007091 seconds
  Import took 0.009934 seconds .

========================================================================
Received Import Request.
  Time since last request: 0.000325 seconds.
  path: Assets/Prefabs/Gold Coin.prefab
  artifactKey: Guid(4dc9cd15aada7254b84d01df5d4c0dac) Importer(815301076,1909f56bfc062723c751e8b465ee728b)
Start importing Assets/Prefabs/Gold Coin.prefab using Guid(4dc9cd15aada7254b84d01df5d4c0dac) Importer(815301076,1909f56bfc062723c751e8b465ee728b)  -> (artifact id: '90b9a855ed8772f9d04e89480ff894ff') in 0.006195 seconds
  Import took 0.009062 seconds .

========================================================================
Received Import Request.
  Time since last request: 0.000294 seconds.
  path: Assets/Prefabs/Red Gem Door.prefab
  artifactKey: Guid(05153a80e763a0147a3dede7f10c0ee3) Importer(815301076,1909f56bfc062723c751e8b465ee728b)
Start importing Assets/Prefabs/Red Gem Door.prefab using Guid(05153a80e763a0147a3dede7f10c0ee3) Importer(815301076,1909f56bfc062723c751e8b465ee728b)  -> (artifact id: '18ed8b57b14967775c3dc3ac7cd7d474') in 0.036733 seconds
  Import took 0.039882 seconds .

========================================================================
Received Import Request.
  Time since last request: 0.000327 seconds.
  path: Assets/Art/bg.png
  artifactKey: Guid(739f1a402ac2a634b8af4393300f754d) Importer(815301076,1909f56bfc062723c751e8b465ee728b)
Start importing Assets/Art/bg.png using Guid(739f1a402ac2a634b8af4393300f754d) Importer(815301076,1909f56bfc062723c751e8b465ee728b)  -> (artifact id: '8dbcb3b76cc7d2bb1f1092e94265fa40') in 0.101889 seconds
  Import took 0.104730 seconds .

========================================================================
Received Import Request.
  Time since last request: 0.000244 seconds.
  path: Assets/Art/sample.png
  artifactKey: Guid(f5f3cbcb8ce00864eb04db44842ff4e0) Importer(815301076,1909f56bfc062723c751e8b465ee728b)
Start importing Assets/Art/sample.png using Guid(f5f3cbcb8ce00864eb04db44842ff4e0) Importer(815301076,1909f56bfc062723c751e8b465ee728b)  -> (artifact id: 'a14f95f830e51cdbd07672c969ca8b91') in 0.016484 seconds
  Import took 0.019346 seconds .

========================================================================
Received Import Request.
  Time since last request: 0.000305 seconds.
  path: Assets/Art/bg_castle.png
  artifactKey: Guid(ca8897eb58d48254aba7923b19fd808d) Importer(815301076,1909f56bfc062723c751e8b465ee728b)
Start importing Assets/Art/bg_castle.png using Guid(ca8897eb58d48254aba7923b19fd808d) Importer(815301076,1909f56bfc062723c751e8b465ee728b)  -> (artifact id: 'deedd577debe0b812ef6112ac2bc6089') in 0.007021 seconds
  Import took 0.010383 seconds .

========================================================================
Received Import Request.
  Time since last request: 0.000310 seconds.
  path: Assets/Prefabs/Snow Ground.prefab
  artifactKey: Guid(0467710a87097e24f84e7ce44087d8b5) Importer(815301076,1909f56bfc062723c751e8b465ee728b)
Start importing Assets/Prefabs/Snow Ground.prefab using Guid(0467710a87097e24f84e7ce44087d8b5) Importer(815301076,1909f56bfc062723c751e8b465ee728b)  -> (artifact id: 'bf7f755db4f18747982c7c2a498a9f01') in 0.007333 seconds
  Import took 0.010563 seconds .

========================================================================
Received Import Request.
  Time since last request: 0.000257 seconds.
  path: Assets/Prefabs/Player.prefab
  artifactKey: Guid(3395e2b377adc904c9db467b06e2a8d8) Importer(815301076,1909f56bfc062723c751e8b465ee728b)
Start importing Assets/Prefabs/Player.prefab using Guid(3395e2b377adc904c9db467b06e2a8d8) Importer(815301076,1909f56bfc062723c751e8b465ee728b)  -> (artifact id: '664e4d6b67d3fe56c957c278af1dc8f4') in 0.009874 seconds
  Import took 0.013107 seconds .

========================================================================
Received Import Request.
  Time since last request: 0.000273 seconds.
  path: Assets/Prefabs/[CAMERA SETUP].prefab
  artifactKey: Guid(aa60a327bfab953478789b4170afcda4) Importer(815301076,1909f56bfc062723c751e8b465ee728b)
Start importing Assets/Prefabs/[CAMERA SETUP].prefab using Guid(aa60a327bfab953478789b4170afcda4) Importer(815301076,1909f56bfc062723c751e8b465ee728b)  -> (artifact id: 'fa92752a273397b2b68ab6c01a4ffded') in 0.013482 seconds
  Import took 0.016648 seconds .

========================================================================
Received Import Request.
  Time since last request: 0.000284 seconds.
  path: Assets/Prefabs/Item Box.prefab
  artifactKey: Guid(10c0aaeea5be6784d8d17bf14a8025f3) Importer(815301076,1909f56bfc062723c751e8b465ee728b)
Start importing Assets/Prefabs/Item Box.prefab using Guid(10c0aaeea5be6784d8d17bf14a8025f3) Importer(815301076,1909f56bfc062723c751e8b465ee728b)  -> (artifact id: '1038b6b4405e222e9a17a424e0f32e02') in 0.008377 seconds
  Import took 0.011643 seconds .

========================================================================
Received Import Request.
  Time since last request: 0.000277 seconds.
  path: Assets/Prefabs/Player2.prefab
  artifactKey: Guid(e18e44ec07a608d4a9d525eebb8aaba8) Importer(815301076,1909f56bfc062723c751e8b465ee728b)
Start importing Assets/Prefabs/Player2.prefab using Guid(e18e44ec07a608d4a9d525eebb8aaba8) Importer(815301076,1909f56bfc062723c751e8b465ee728b)  -> (artifact id: 'e8e1f7309eb81e4d1ddd24baccf489b0') in 0.009956 seconds
  Import took 0.013610 seconds .

========================================================================
Received Import Request.
  Time since last request: 0.000281 seconds.
  path: Assets/Prefabs/Spikes.prefab
  artifactKey: Guid(d6e65833ceab96948aaae08fb33d079c) Importer(815301076,1909f56bfc062723c751e8b465ee728b)
Start importing Assets/Prefabs/Spikes.prefab using Guid(d6e65833ceab96948aaae08fb33d079c) Importer(815301076,1909f56bfc062723c751e8b465ee728b)  -> (artifact id: '6554cb33460fce5862f8dc680416eba2') in 0.006366 seconds
  Import took 0.009504 seconds .

========================================================================
Received Import Request.
  Time since last request: 0.000288 seconds.
  path: Assets/Art/preview.png
  artifactKey: Guid(2e41716e14ae0e04ebedf8aef5636aae) Importer(815301076,1909f56bfc062723c751e8b465ee728b)
Start importing Assets/Art/preview.png using Guid(2e41716e14ae0e04ebedf8aef5636aae) Importer(815301076,1909f56bfc062723c751e8b465ee728b)  -> (artifact id: '5aae8c7620d22e6cf3a1adf6452c0ec2') in 0.014231 seconds
  Import took 0.017354 seconds .

========================================================================
Received Import Request.
  Time since last request: 0.000306 seconds.
  path: Assets/Prefabs/gemRed.prefab
  artifactKey: Guid(5ebdb4f12959a524b8edfa1cd157960c) Importer(815301076,1909f56bfc062723c751e8b465ee728b)
Start importing Assets/Prefabs/gemRed.prefab using Guid(5ebdb4f12959a524b8edfa1cd157960c) Importer(815301076,1909f56bfc062723c751e8b465ee728b)  -> (artifact id: '6a6dc8c961bdfdfe6825bcfc3cf635aa') in 0.007745 seconds
  Import took 0.010841 seconds .

========================================================================
Received Import Request.
  Time since last request: 0.000285 seconds.
  path: Assets/Prefabs/Yellow Lock.prefab
  artifactKey: Guid(be8fe23f998260c448ab72dcb4f0b8b6) Importer(815301076,1909f56bfc062723c751e8b465ee728b)
Start importing Assets/Prefabs/Yellow Lock.prefab using Guid(be8fe23f998260c448ab72dcb4f0b8b6) Importer(815301076,1909f56bfc062723c751e8b465ee728b)  -> (artifact id: '70b8e1717e8674651099cb4cc5781149') in 0.008618 seconds
  Import took 0.012002 seconds .

========================================================================
Received Import Request.
  Time since last request: 0.000412 seconds.
  path: Assets/Prefabs/Coin Box.prefab
  artifactKey: Guid(0e98d052e59830049ae332ff84b45f56) Importer(815301076,1909f56bfc062723c751e8b465ee728b)
Start importing Assets/Prefabs/Coin Box.prefab using Guid(0e98d052e59830049ae332ff84b45f56) Importer(815301076,1909f56bfc062723c751e8b465ee728b)  -> (artifact id: 'bdb011ff208463dfc539b6068f39283c') in 0.008581 seconds
  Import took 0.011861 seconds .

========================================================================
Received Import Request.
  Time since last request: 0.000266 seconds.
  path: Assets/Prefabs/Lava.prefab
  artifactKey: Guid(77bd431ebc4bac64c8ffde0690a9f695) Importer(815301076,1909f56bfc062723c751e8b465ee728b)
Start importing Assets/Prefabs/Lava.prefab using Guid(77bd431ebc4bac64c8ffde0690a9f695) Importer(815301076,1909f56bfc062723c751e8b465ee728b)  -> (artifact id: '7c5864002557bc99590a1a5f70b265b7') in 0.009934 seconds
  Import took 0.013608 seconds .

========================================================================
Received Import Request.
  Time since last request: 1.461929 seconds.
  path: Assets/Physics/Bouncy.physicsMaterial2D
  artifactKey: Guid(730d4121d3b3b6740bf82dc12ddbf31b) Importer(815301076,1909f56bfc062723c751e8b465ee728b)
Start importing Assets/Physics/Bouncy.physicsMaterial2D using Guid(730d4121d3b3b6740bf82dc12ddbf31b) Importer(815301076,1909f56bfc062723c751e8b465ee728b)  -> (artifact id: '77c1c5be4f8788738d2dcee890966751') in 0.003636 seconds
  Import took 0.006464 seconds .

========================================================================
Received Import Request.
  Time since last request: 0.057433 seconds.
  path: Assets/Physics/Player.physicsMaterial2D
  artifactKey: Guid(4271d682bd153fe44a71f7f89019f298) Importer(815301076,1909f56bfc062723c751e8b465ee728b)
Start importing Assets/Physics/Player.physicsMaterial2D using Guid(4271d682bd153fe44a71f7f89019f298) Importer(815301076,1909f56bfc062723c751e8b465ee728b)  -> (artifact id: '1cccec372991dd737ccf48dc38b2934f') in 0.002132 seconds
  Import took 0.006218 seconds .

========================================================================
Received Import Request.
  Time since last request: 0.000403 seconds.
  path: Assets/Physics/Slippery.physicsMaterial2D
  artifactKey: Guid(ac6661c6d4bb01a49b7901ebf06a9fb9) Importer(815301076,1909f56bfc062723c751e8b465ee728b)
Start importing Assets/Physics/Slippery.physicsMaterial2D using Guid(ac6661c6d4bb01a49b7901ebf06a9fb9) Importer(815301076,1909f56bfc062723c751e8b465ee728b)  -> (artifact id: 'e9afba49c59219cdac3c7226c0e3b97d') in 0.002394 seconds
  Import took 0.005927 seconds .

========================================================================
Received Import Request.
  Time since last request: 0.005732 seconds.
  path: Assets/Physics/Slippery.physicsMaterial2D
  artifactKey: Guid(ac6661c6d4bb01a49b7901ebf06a9fb9) Importer(815301076,1909f56bfc062723c751e8b465ee728b)
Start importing Assets/Physics/Slippery.physicsMaterial2D using Guid(ac6661c6d4bb01a49b7901ebf06a9fb9) Importer(815301076,1909f56bfc062723c751e8b465ee728b)  -> (artifact id: 'e9afba49c59219cdac3c7226c0e3b97d') in 0.001753 seconds
  Import took 0.004998 seconds .

========================================================================
Received Import Request.
  Time since last request: 0.222297 seconds.
  path: Assets/Materials/Brick Particle.mat
  artifactKey: Guid(b2aa4286c87f79a4ca76bce89fa71aff) Importer(815301076,1909f56bfc062723c751e8b465ee728b)
Start importing Assets/Materials/Brick Particle.mat using Guid(b2aa4286c87f79a4ca76bce89fa71aff) Importer(815301076,1909f56bfc062723c751e8b465ee728b)  -> (artifact id: '20798c6b3229b7e9ec1d7cc202ac23f2') in 1.745126 seconds
  Import took 1.748284 seconds .

========================================================================
Received Import Request.
  Time since last request: 0.000302 seconds.
  path: Assets/Materials/Fireball.mat
  artifactKey: Guid(bd89ae43f67b3d64b8a42a0e756f6f92) Importer(815301076,1909f56bfc062723c751e8b465ee728b)
Start importing Assets/Materials/Fireball.mat using Guid(bd89ae43f67b3d64b8a42a0e756f6f92) Importer(815301076,1909f56bfc062723c751e8b465ee728b)  -> (artifact id: '56dfa00c631702ee2c316d62795bd858') in 0.005868 seconds
  Import took 0.008735 seconds .

========================================================================
Received Import Request.
  Time since last request: 2.816879 seconds.
  path: Assets/UIPack/preview.png
  artifactKey: Guid(664ccb242bf5d5f4dbf9f7c9000ea3a8) Importer(815301076,1909f56bfc062723c751e8b465ee728b)
Start importing Assets/UIPack/preview.png using Guid(664ccb242bf5d5f4dbf9f7c9000ea3a8) Importer(815301076,1909f56bfc062723c751e8b465ee728b)  -> (artifact id: 'bd78dcf0b8110ce22ada1fe5d44956aa') in 0.013323 seconds
  Import took 0.017074 seconds .

========================================================================
Received Import Request.
  Time since last request: 0.000301 seconds.
  path: Assets/UIPack/sample.png
  artifactKey: Guid(ec2f6a155c29f384bb6ddf79a9823ae6) Importer(815301076,1909f56bfc062723c751e8b465ee728b)
Start importing Assets/UIPack/sample.png using Guid(ec2f6a155c29f384bb6ddf79a9823ae6) Importer(815301076,1909f56bfc062723c751e8b465ee728b)  -> (artifact id: '76b97780e50e1bd54b855ec3e77c6990') in 0.009551 seconds
  Import took 0.012539 seconds .

========================================================================
Received Import Request.
  Time since last request: 57.808276 seconds.
  path: Packages/com.unity.2d.pixel-perfect/Runtime/Unity.2D.PixelPerfect.asmdef
  artifactKey: Guid(476f7c6c6dfeed041b063446a926e656) Importer(815301076,1909f56bfc062723c751e8b465ee728b)
Start importing Packages/com.unity.2d.pixel-perfect/Runtime/Unity.2D.PixelPerfect.asmdef using Guid(476f7c6c6dfeed041b063446a926e656) Importer(815301076,1909f56bfc062723c751e8b465ee728b)  -> (artifact id: '047dbc45add7cf69fd0e71d9062a2ba5') in 0.003268 seconds
  Import took 0.006446 seconds .

========================================================================
Received Import Request.
  Time since last request: 2.047338 seconds.
  path: Packages/com.unity.2d.pixel-perfect/Tests/Runtime/Unity.2D.PixelPerfect.Tests.asmdef
  artifactKey: Guid(50f280b851a50ca4fa74c5ccf0e75bf0) Importer(815301076,1909f56bfc062723c751e8b465ee728b)
Start importing Packages/com.unity.2d.pixel-perfect/Tests/Runtime/Unity.2D.PixelPerfect.Tests.asmdef using Guid(50f280b851a50ca4fa74c5ccf0e75bf0) Importer(815301076,1909f56bfc062723c751e8b465ee728b)  -> (artifact id: 'db6bb1db897dbdc484d3ccd62ba0053f') in 0.001618 seconds
  Import took 0.004761 seconds .

========================================================================
Received Import Request.
  Time since last request: 4.255864 seconds.
  path: Packages/com.unity.2d.pixel-perfect/Tests/Runtime/PixelPerfectCameraTests.cs
  artifactKey: Guid(b91a32b1098e5d145a80a6f64d05c283) Importer(815301076,1909f56bfc062723c751e8b465ee728b)
Start importing Packages/com.unity.2d.pixel-perfect/Tests/Runtime/PixelPerfectCameraTests.cs using Guid(b91a32b1098e5d145a80a6f64d05c283) Importer(815301076,1909f56bfc062723c751e8b465ee728b)  -> (artifact id: '960dfd3b19c24a030cfe81f387fba132') in 0.009149 seconds
  Import took 0.012255 seconds .

========================================================================
Received Import Request.
  Time since last request: 0.057147 seconds.
  path: Packages/com.unity.2d.pixel-perfect/Tests/Runtime/PixelPerfectCameraTests.cs
  artifactKey: Guid(b91a32b1098e5d145a80a6f64d05c283) Importer(815301076,1909f56bfc062723c751e8b465ee728b)
Start importing Packages/com.unity.2d.pixel-perfect/Tests/Runtime/PixelPerfectCameraTests.cs using Guid(b91a32b1098e5d145a80a6f64d05c283) Importer(815301076,1909f56bfc062723c751e8b465ee728b)  -> (artifact id: '960dfd3b19c24a030cfe81f387fba132') in 0.003310 seconds
  Import took 0.006554 seconds .

